<?xml version="1.0" encoding="UTF-8"?>
<coverage generated="1649440392620" clover="3.2.0">
  <project timestamp="1649440392620" name="All files">
    <metrics statements="20" coveredstatements="20" conditionals="2" coveredconditionals="2" methods="5" coveredmethods="5" elements="27" coveredelements="27" complexity="0" loc="20" ncloc="20" packages="1" files="2" classes="2"/>
    <file name="findLongestSubstring.js" path="/Users/keithrodriguez/Development/Online-Courses/Colt-Steel-Courses/JavaScript-Algorithms-and-Data-Structures-Masterclass/exercises/findLongestSubstring.js">
      <metrics statements="11" coveredstatements="11" conditionals="2" coveredconditionals="2" methods="1" coveredmethods="1"/>
      <line num="67" count="8" type="stmt"/>
      <line num="68" count="8" type="stmt"/>
      <line num="69" count="8" type="stmt"/>
      <line num="71" count="8" type="stmt"/>
      <line num="72" count="42" type="stmt"/>
      <line num="73" count="42" type="cond" truecount="2" falsecount="0"/>
      <line num="74" count="16" type="stmt"/>
      <line num="77" count="42" type="stmt"/>
      <line num="79" count="42" type="stmt"/>
      <line num="81" count="8" type="stmt"/>
      <line num="84" count="1" type="stmt"/>
    </file>
    <file name="stack.js" path="/Users/keithrodriguez/Development/Online-Courses/Colt-Steel-Courses/JavaScript-Algorithms-and-Data-Structures-Masterclass/exercises/stack.js">
      <metrics statements="9" coveredstatements="9" conditionals="0" coveredconditionals="0" methods="4" coveredmethods="4"/>
      <line num="3" count="3" type="stmt"/>
      <line num="4" count="3" type="stmt"/>
      <line num="8" count="1" type="stmt"/>
      <line num="12" count="2" type="stmt"/>
      <line num="13" count="2" type="stmt"/>
      <line num="17" count="2" type="stmt"/>
      <line num="18" count="2" type="stmt"/>
      <line num="19" count="2" type="stmt"/>
      <line num="23" count="1" type="stmt"/>
    </file>
  </project>
</coverage>
