{"/Users/keithrodriguez/Development/Online-Courses/Colt-Steel-Courses/JavaScript-Algorithms-and-Data-Structures-Masterclass/exercises/findLongestSubstring.js": {"path":"/Users/keithrodriguez/Development/Online-Courses/Colt-Steel-Courses/JavaScript-Algorithms-and-Data-Structures-Masterclass/exercises/findLongestSubstring.js","statementMap":{"0":{"start":{"line":67,"column":16},"end":{"line":67,"column":17}},"1":{"start":{"line":68,"column":13},"end":{"line":68,"column":15}},"2":{"start":{"line":69,"column":14},"end":{"line":69,"column":15}},"3":{"start":{"line":71,"column":2},"end":{"line":80,"column":3}},"4":{"start":{"line":71,"column":15},"end":{"line":71,"column":16}},"5":{"start":{"line":72,"column":15},"end":{"line":72,"column":21}},"6":{"start":{"line":73,"column":4},"end":{"line":75,"column":5}},"7":{"start":{"line":74,"column":6},"end":{"line":74,"column":42}},"8":{"start":{"line":77,"column":4},"end":{"line":77,"column":47}},"9":{"start":{"line":79,"column":4},"end":{"line":79,"column":23}},"10":{"start":{"line":81,"column":2},"end":{"line":81,"column":17}},"11":{"start":{"line":84,"column":0},"end":{"line":84,"column":38}}},"fnMap":{"0":{"name":"findLongestSubstring","decl":{"start":{"line":66,"column":9},"end":{"line":66,"column":29}},"loc":{"start":{"line":66,"column":35},"end":{"line":82,"column":1}},"line":66}},"branchMap":{"0":{"loc":{"start":{"line":73,"column":4},"end":{"line":75,"column":5}},"type":"if","locations":[{"start":{"line":73,"column":4},"end":{"line":75,"column":5}},{"start":{},"end":{}}],"line":73}},"s":{"0":8,"1":8,"2":8,"3":8,"4":8,"5":42,"6":42,"7":16,"8":42,"9":42,"10":8,"11":1},"f":{"0":8},"b":{"0":[16,26]},"_coverageSchema":"1a1c01bbd47fc00a2c39e90264f33305004495a9","hash":"f3bcf913ef91cbc809b25fc78339b7bd3d560077"}
,"/Users/keithrodriguez/Development/Online-Courses/Colt-Steel-Courses/JavaScript-Algorithms-and-Data-Structures-Masterclass/exercises/stack.js": {"path":"/Users/keithrodriguez/Development/Online-Courses/Colt-Steel-Courses/JavaScript-Algorithms-and-Data-Structures-Masterclass/exercises/stack.js","statementMap":{"0":{"start":{"line":3,"column":4},"end":{"line":3,"column":18}},"1":{"start":{"line":4,"column":4},"end":{"line":4,"column":20}},"2":{"start":{"line":8,"column":4},"end":{"line":8,"column":32}},"3":{"start":{"line":12,"column":4},"end":{"line":12,"column":18}},"4":{"start":{"line":13,"column":4},"end":{"line":13,"column":32}},"5":{"start":{"line":17,"column":17},"end":{"line":17,"column":37}},"6":{"start":{"line":18,"column":4},"end":{"line":18,"column":18}},"7":{"start":{"line":19,"column":4},"end":{"line":19,"column":16}},"8":{"start":{"line":23,"column":0},"end":{"line":23,"column":23}}},"fnMap":{"0":{"name":"(anonymous_0)","decl":{"start":{"line":2,"column":2},"end":{"line":2,"column":3}},"loc":{"start":{"line":2,"column":16},"end":{"line":5,"column":3}},"line":2},"1":{"name":"(anonymous_1)","decl":{"start":{"line":7,"column":2},"end":{"line":7,"column":3}},"loc":{"start":{"line":7,"column":13},"end":{"line":9,"column":3}},"line":7},"2":{"name":"(anonymous_2)","decl":{"start":{"line":11,"column":2},"end":{"line":11,"column":3}},"loc":{"start":{"line":11,"column":13},"end":{"line":14,"column":3}},"line":11},"3":{"name":"(anonymous_3)","decl":{"start":{"line":16,"column":2},"end":{"line":16,"column":3}},"loc":{"start":{"line":16,"column":8},"end":{"line":20,"column":3}},"line":16}},"branchMap":{},"s":{"0":3,"1":3,"2":1,"3":2,"4":2,"5":2,"6":2,"7":2,"8":1},"f":{"0":3,"1":1,"2":2,"3":2},"b":{},"_coverageSchema":"1a1c01bbd47fc00a2c39e90264f33305004495a9","hash":"8641721328993b956cb6f720372567098f159f55"}
}
