TN:
SF:exercises/findLongestSubstring.js
FN:66,findLongestSubstring
FNF:1
FNH:1
FNDA:8,findLongestSubstring
DA:67,8
DA:68,8
DA:69,8
DA:71,8
DA:72,42
DA:73,42
DA:74,16
DA:77,42
DA:79,42
DA:81,8
DA:84,1
LF:11
LH:11
BRDA:73,0,0,16
BRDA:73,0,1,26
BRF:2
BRH:2
end_of_record
TN:
SF:exercises/stack.js
FN:2,(anonymous_0)
FN:7,(anonymous_1)
FN:11,(anonymous_2)
FN:16,(anonymous_3)
FNF:4
FNH:4
FNDA:3,(anonymous_0)
FNDA:1,(anonymous_1)
FNDA:2,(anonymous_2)
FNDA:2,(anonymous_3)
DA:3,3
DA:4,3
DA:8,1
DA:12,2
DA:13,2
DA:17,2
DA:18,2
DA:19,2
DA:23,1
LF:9
LH:9
BRF:0
BRH:0
end_of_record
